<?xml version="1.0" encoding="UTF-8"?>
<!-- Generated by org.testng.reporters.JUnitXMLReporter -->
<testsuite ignored="0" hostname="sumandas" failures="0" tests="5" name="Surefire test" time="21.565" errors="0" timestamp="2025-11-20T21:25:56 IST">
  <testcase classname="com.example.tests.api.GetUserAPITest" name="testGetUser" time="2.625"/>
  <testcase classname="com.example.tests.api.NegativeAPITest" name="testInvalidUser" time="0.159"/>
  <testcase classname="com.example.tests.ui.LoginFailureTest" name="testLoginFailure" time="5.08"/>
  <testcase classname="com.example.tests.ui.LoginFailureTest" name="testLoginFailure" time="4.849"/>
  <testcase classname="com.example.tests.ui.LoginSuccessTest" name="testLoginSuccess" time="4.327"/>
</testsuite> <!-- Surefire test -->
