<?xml version="1.0" encoding="UTF-8"?>
<!-- Generated by org.testng.reporters.JUnitXMLReporter -->
<testsuite ignored="0" hostname="sumandas" failures="0" tests="5" name="Surefire test" time="61.54" errors="0" timestamp="2025-11-21T22:23:10 IST">
  <testcase classname="com.example.tests.api.GetUserAPITest" name="testGetUser" time="12.871"/>
  <testcase classname="com.example.tests.api.NegativeAPITest" name="testInvalidUser" time="1.028"/>
  <testcase classname="com.example.tests.ui.LoginFailureTest" name="testLoginFailure" time="8.408"/>
  <testcase classname="com.example.tests.ui.LoginFailureTest" name="testLoginFailure" time="7.197"/>
  <testcase classname="com.example.tests.ui.LoginSuccessTest" name="testLoginSuccess" time="7.108"/>
</testsuite> <!-- Surefire test -->
