<?xml version="1.0" encoding="UTF-8"?>
<testng-results ignored="0" total="5" passed="5" failed="0" skipped="0">
  <reporter-output>
  </reporter-output>
  <suite started-at="2025-11-20T21:25:35 IST" name="Surefire suite" finished-at="2025-11-20T21:25:56 IST" duration-ms="21565">
    <groups>
    </groups>
    <test started-at="2025-11-20T21:25:35 IST" name="Surefire test" finished-at="2025-11-20T21:25:56 IST" duration-ms="21565">
      <class name="com.example.tests.api.NegativeAPITest">
        <test-method signature="testInvalidUser()[pri:0, instance:com.example.tests.api.NegativeAPITest@2accdbb5]" started-at="2025-11-20T21:25:37 IST" name="testInvalidUser" finished-at="2025-11-20T21:25:38 IST" duration-ms="159" status="PASS">
          <reporter-output>
          </reporter-output>
        </test-method> <!-- testInvalidUser -->
      </class> <!-- com.example.tests.api.NegativeAPITest -->
      <class name="com.example.tests.ui.LoginFailureTest">
        <test-method is-config="true" signature="setUp()[pri:0, instance:com.example.tests.ui.LoginFailureTest@3fb1549b]" started-at="2025-11-20T21:25:38 IST" name="setUp" finished-at="2025-11-20T21:25:39 IST" duration-ms="1705" status="PASS">
          <reporter-output>
          </reporter-output>
        </test-method> <!-- setUp -->
        <test-method signature="testLoginFailure(java.lang.String,java.lang.String)[pri:0, instance:com.example.tests.ui.LoginFailureTest@3fb1549b]" started-at="2025-11-20T21:25:39 IST" name="testLoginFailure" description="Login with invalid credentials should fail" data-provider="invalidCredentials" finished-at="2025-11-20T21:25:44 IST" duration-ms="5080" status="PASS">
          <params>
            <param index="0">
              <value>
                <![CDATA[wronguser]]>
              </value>
            </param>
            <param index="1">
              <value>
                <![CDATA[wrongpass]]>
              </value>
            </param>
          </params>
          <reporter-output>
          </reporter-output>
        </test-method> <!-- testLoginFailure -->
        <test-method is-config="true" signature="tearDown()[pri:0, instance:com.example.tests.ui.LoginFailureTest@3fb1549b]" started-at="2025-11-20T21:25:44 IST" name="tearDown" finished-at="2025-11-20T21:25:45 IST" duration-ms="237" status="PASS">
          <reporter-output>
          </reporter-output>
        </test-method> <!-- tearDown -->
        <test-method is-config="true" signature="setUp()[pri:0, instance:com.example.tests.ui.LoginFailureTest@3fb1549b]" started-at="2025-11-20T21:25:45 IST" name="setUp" finished-at="2025-11-20T21:25:46 IST" duration-ms="1271" status="PASS">
          <reporter-output>
          </reporter-output>
        </test-method> <!-- setUp -->
        <test-method signature="testLoginFailure(java.lang.String,java.lang.String)[pri:0, instance:com.example.tests.ui.LoginFailureTest@3fb1549b]" started-at="2025-11-20T21:25:46 IST" name="testLoginFailure" description="Login with invalid credentials should fail" data-provider="invalidCredentials" finished-at="2025-11-20T21:25:51 IST" duration-ms="4849" status="PASS">
          <params>
            <param index="0">
              <value>
                <![CDATA[tomsmith]]>
              </value>
            </param>
            <param index="1">
              <value>
                <![CDATA[badpassword]]>
              </value>
            </param>
          </params>
          <reporter-output>
          </reporter-output>
        </test-method> <!-- testLoginFailure -->
        <test-method is-config="true" signature="tearDown()[pri:0, instance:com.example.tests.ui.LoginFailureTest@3fb1549b]" started-at="2025-11-20T21:25:51 IST" name="tearDown" finished-at="2025-11-20T21:25:51 IST" duration-ms="179" status="PASS">
          <reporter-output>
          </reporter-output>
        </test-method> <!-- tearDown -->
      </class> <!-- com.example.tests.ui.LoginFailureTest -->
      <class name="com.example.tests.ui.LoginSuccessTest">
        <test-method is-config="true" signature="setUp()[pri:0, instance:com.example.tests.ui.LoginSuccessTest@ea6147e]" started-at="2025-11-20T21:25:51 IST" name="setUp" finished-at="2025-11-20T21:25:52 IST" duration-ms="761" status="PASS">
          <reporter-output>
          </reporter-output>
        </test-method> <!-- setUp -->
        <test-method signature="testLoginSuccess()[pri:0, instance:com.example.tests.ui.LoginSuccessTest@ea6147e]" started-at="2025-11-20T21:25:52 IST" name="testLoginSuccess" description="Login with valid credentials should succeed" finished-at="2025-11-20T21:25:56 IST" duration-ms="4327" status="PASS">
          <reporter-output>
          </reporter-output>
        </test-method> <!-- testLoginSuccess -->
        <test-method is-config="true" signature="tearDown()[pri:0, instance:com.example.tests.ui.LoginSuccessTest@ea6147e]" started-at="2025-11-20T21:25:56 IST" name="tearDown" finished-at="2025-11-20T21:25:56 IST" duration-ms="212" status="PASS">
          <reporter-output>
          </reporter-output>
        </test-method> <!-- tearDown -->
      </class> <!-- com.example.tests.ui.LoginSuccessTest -->
      <class name="com.example.tests.api.GetUserAPITest">
        <test-method signature="testGetUser()[pri:0, instance:com.example.tests.api.GetUserAPITest@1ba9117e]" started-at="2025-11-20T21:25:35 IST" name="testGetUser" finished-at="2025-11-20T21:25:37 IST" duration-ms="2625" status="PASS">
          <reporter-output>
          </reporter-output>
        </test-method> <!-- testGetUser -->
      </class> <!-- com.example.tests.api.GetUserAPITest -->
    </test> <!-- Surefire test -->
  </suite> <!-- Surefire suite -->
</testng-results>
