<?xml version="1.0" encoding="UTF-8"?>
<!-- Generated by org.testng.reporters.JUnitReportReporter -->
<testsuite hostname="sumandas" failures="0" tests="2" name="com.example.tests.ui.LoginFailureTest" time="11.942" errors="0" timestamp="2025-11-20T21:15:24 IST" skipped="0">
  <testcase classname="com.example.tests.ui.LoginFailureTest" name="testLoginFailure" time="5.314"/>
  <testcase classname="com.example.tests.ui.LoginFailureTest" name="testLoginFailure" time="6.628"/>
</testsuite> <!-- com.example.tests.ui.LoginFailureTest -->
